{
  "RSpec": {
    "coverage": {
      "/Users/priya10487/Desktop/Work/Battleship/lib/grid.rb": [
        1,
        1,
        null,
        1,
        1,
        null,
        null,
        null,
        null,
        null,
        1,
        1,
        null,
        1,
        26,
        26,
        26,
        26,
        null,
        null,
        1,
        9,
        9,
        9,
        9,
        null,
        null,
        1,
        1,
        4,
        4,
        7,
        6,
        6,
        null,
        null,
        0,
        null,
        null,
        1,
        8,
        40,
        8,
        8,
        15,
        15,
        null,
        null,
        null,
        8,
        null,
        null,
        1,
        1,
        4,
        4,
        3,
        6,
        6,
        null,
        null,
        0,
        null,
        null,
        1,
        12,
        null,
        null,
        1,
        12,
        4,
        null,
        1,
        null,
        3,
        null,
        1,
        null,
        0,
        null,
        3,
        null,
        12,
        null,
        null,
        1,
        14,
        14,
        null,
        null,
        1,
        10018,
        10018,
        31039,
        21033,
        21033,
        null,
        10005,
        10004,
        null,
        null,
        696,
        null,
        null
      ],
      "/Users/priya10487/Desktop/Work/Battleship/lib/player.rb": [
        1,
        null,
        1,
        0,
        0,
        0,
        null,
        null,
        1,
        0,
        0,
        null,
        null,
        1,
        0,
        0,
        0,
        0,
        0,
        null,
        null,
        0,
        null,
        null,
        null
      ],
      "/Users/priya10487/Desktop/Work/Battleship/lib/display.rb": [
        1,
        null,
        1,
        1,
        null,
        null,
        null,
        null,
        null,
        1,
        null,
        1,
        12,
        12,
        12,
        12,
        null,
        null,
        1,
        0,
        0,
        0,
        null,
        null,
        1,
        0,
        0,
        0,
        null,
        0,
        null,
        null,
        1,
        0,
        0,
        0,
        0,
        0,
        null,
        null,
        null,
        1,
        0,
        0,
        0,
        null,
        null,
        null,
        1,
        0,
        null,
        null,
        1,
        0,
        0,
        null,
        null,
        1,
        12,
        12,
        83,
        83,
        83,
        83,
        83,
        83,
        83,
        null,
        12,
        null,
        null,
        1,
        83,
        3,
        null,
        null,
        null,
        1,
        83,
        5,
        null,
        null,
        null,
        1,
        83,
        66,
        null,
        null,
        null,
        1,
        83,
        2,
        null,
        null,
        null,
        1,
        83,
        0,
        null,
        null,
        null,
        1,
        83,
        6,
        null,
        null,
        null,
        1,
        83,
        1,
        null,
        null,
        null,
        1,
        0,
        0,
        0,
        0,
        0,
        0,
        null,
        null,
        1,
        0,
        0,
        0,
        null,
        null,
        null,
        1,
        0,
        0,
        null,
        null,
        null,
        1,
        0,
        0,
        null,
        null,
        null,
        1,
        0,
        0,
        null,
        null,
        null,
        1,
        0,
        0,
        null,
        null,
        null,
        1,
        0,
        0,
        null,
        null,
        null
      ]
    },
    "timestamp": 1439285596
  }
}
